TN:
SF:src\App.jsx
FN:10,(anonymous_0)
FN:14,(anonymous_1)
FN:15,(anonymous_2)
FN:20,(anonymous_3)
FN:32,App
FNF:5
FNH:0
FNDA:0,(anonymous_0)
FNDA:0,(anonymous_1)
FNDA:0,(anonymous_2)
FNDA:0,(anonymous_3)
FNDA:0,App
DA:10,0
DA:11,0
DA:12,0
DA:14,0
DA:15,0
DA:16,0
DA:17,0
DA:20,0
DA:23,0
DA:25,0
DA:26,0
DA:29,0
DA:33,0
LF:13
LH:0
BRDA:23,0,0,0
BRDA:23,0,1,0
BRDA:25,1,0,0
BRDA:25,1,1,0
BRF:4
BRH:0
end_of_record
TN:
SF:src\Dashboard\Dashboard.jsx
FN:6,(anonymous_0)
FN:20,(anonymous_1)
FN:29,(anonymous_2)
FN:121,(anonymous_3)
FN:144,(anonymous_4)
FN:172,(anonymous_5)
FN:183,(anonymous_6)
FN:192,(anonymous_7)
FN:215,(anonymous_8)
FN:220,(anonymous_9)
FN:225,(anonymous_10)
FN:230,(anonymous_11)
FN:235,(anonymous_12)
FN:240,(anonymous_13)
FN:299,(anonymous_14)
FN:312,(anonymous_15)
FN:331,(anonymous_16)
FN:359,(anonymous_17)
FN:394,(anonymous_18)
FN:404,(anonymous_19)
FN:417,(anonymous_20)
FN:447,(anonymous_21)
FN:465,(anonymous_22)
FNF:23
FNH:0
FNDA:0,(anonymous_0)
FNDA:0,(anonymous_1)
FNDA:0,(anonymous_2)
FNDA:0,(anonymous_3)
FNDA:0,(anonymous_4)
FNDA:0,(anonymous_5)
FNDA:0,(anonymous_6)
FNDA:0,(anonymous_7)
FNDA:0,(anonymous_8)
FNDA:0,(anonymous_9)
FNDA:0,(anonymous_10)
FNDA:0,(anonymous_11)
FNDA:0,(anonymous_12)
FNDA:0,(anonymous_13)
FNDA:0,(anonymous_14)
FNDA:0,(anonymous_15)
FNDA:0,(anonymous_16)
FNDA:0,(anonymous_17)
FNDA:0,(anonymous_18)
FNDA:0,(anonymous_19)
FNDA:0,(anonymous_20)
FNDA:0,(anonymous_21)
FNDA:0,(anonymous_22)
DA:6,0
DA:7,0
DA:8,0
DA:9,0
DA:10,0
DA:11,0
DA:12,0
DA:13,0
DA:14,0
DA:16,0
DA:17,0
DA:20,0
DA:21,0
DA:22,0
DA:24,0
DA:29,0
DA:30,0
DA:31,0
DA:34,0
DA:59,0
DA:113,0
DA:114,0
DA:116,0
DA:121,0
DA:122,0
DA:124,0
DA:125,0
DA:126,0
DA:129,0
DA:131,0
DA:141,0
DA:144,0
DA:145,0
DA:146,0
DA:151,0
DA:154,0
DA:157,0
DA:158,0
DA:159,0
DA:164,0
DA:165,0
DA:172,0
DA:173,0
DA:174,0
DA:175,0
DA:177,0
DA:178,0
DA:183,0
DA:184,0
DA:192,0
DA:193,0
DA:200,0
DA:201,0
DA:204,0
DA:215,0
DA:220,0
DA:225,0
DA:230,0
DA:235,0
DA:240,0
DA:300,0
DA:312,0
DA:331,0
DA:360,0
DA:394,0
DA:405,0
DA:417,0
DA:447,0
DA:465,0
LF:69
LH:0
BRDA:21,0,0,0
BRDA:21,0,1,0
BRDA:124,1,0,0
BRDA:124,1,1,0
BRDA:124,2,0,0
BRDA:124,2,1,0
BRDA:145,3,0,0
BRDA:145,3,1,0
BRDA:200,4,0,0
BRDA:200,4,1,0
BRDA:214,5,0,0
BRDA:214,5,1,0
BRDA:219,6,0,0
BRDA:219,6,1,0
BRDA:224,7,0,0
BRDA:224,7,1,0
BRDA:229,8,0,0
BRDA:229,8,1,0
BRDA:234,9,0,0
BRDA:234,9,1,0
BRDA:239,10,0,0
BRDA:239,10,1,0
BRDA:273,11,0,0
BRDA:273,11,1,0
BRDA:277,12,0,0
BRDA:277,12,1,0
BRDA:289,13,0,0
BRDA:289,13,1,0
BRDA:363,14,0,0
BRDA:363,14,1,0
BRDA:387,15,0,0
BRDA:387,15,1,0
BRF:32
BRH:0
end_of_record
TN:
SF:src\Firebase\client.js
FNF:0
FNH:0
DA:7,0
DA:17,0
DA:19,0
DA:20,0
DA:21,0
LF:5
LH:0
BRF:0
BRH:0
end_of_record
TN:
SF:src\LoginScreen\loginScreen.jsx
FN:6,(anonymous_0)
FN:17,(anonymous_1)
FN:25,(anonymous_2)
FN:80,(anonymous_3)
FN:101,(anonymous_4)
FN:114,(anonymous_5)
FN:128,(anonymous_6)
FNF:7
FNH:0
FNDA:0,(anonymous_0)
FNDA:0,(anonymous_1)
FNDA:0,(anonymous_2)
FNDA:0,(anonymous_3)
FNDA:0,(anonymous_4)
FNDA:0,(anonymous_5)
FNDA:0,(anonymous_6)
DA:6,0
DA:7,0
DA:8,0
DA:9,0
DA:10,0
DA:11,0
DA:13,0
DA:14,0
DA:17,0
DA:18,0
DA:19,0
DA:20,0
DA:21,0
DA:25,0
DA:26,0
DA:29,0
DA:30,0
DA:31,0
DA:34,0
DA:35,0
DA:36,0
DA:39,0
DA:42,0
DA:43,0
DA:45,0
DA:48,0
DA:51,0
DA:53,0
DA:56,0
DA:58,0
DA:59,0
DA:61,0
DA:62,0
DA:64,0
DA:65,0
DA:67,0
DA:68,0
DA:70,0
DA:71,0
DA:73,0
DA:76,0
DA:80,0
DA:81,0
DA:84,0
DA:101,0
DA:114,0
DA:128,0
LF:47
LH:0
BRDA:19,0,0,0
BRDA:19,0,1,0
BRDA:29,1,0,0
BRDA:29,1,1,0
BRDA:29,2,0,0
BRDA:29,2,1,0
BRDA:42,3,0,0
BRDA:42,3,1,0
BRDA:56,4,0,0
BRDA:56,4,1,0
BRDA:56,4,2,0
BRDA:56,4,3,0
BRDA:56,4,4,0
BRDA:56,4,5,0
BRDA:92,5,0,0
BRDA:92,5,1,0
BRDA:144,6,0,0
BRDA:144,6,1,0
BRF:18
BRH:0
end_of_record
TN:
SF:src\RegisterScreen\RegisterScreen.jsx
FN:6,(anonymous_0)
FN:17,(anonymous_1)
FN:84,(anonymous_2)
FN:97,(anonymous_3)
FN:110,(anonymous_4)
FN:123,(anonymous_5)
FNF:6
FNH:0
FNDA:0,(anonymous_0)
FNDA:0,(anonymous_1)
FNDA:0,(anonymous_2)
FNDA:0,(anonymous_3)
FNDA:0,(anonymous_4)
FNDA:0,(anonymous_5)
DA:6,0
DA:7,0
DA:8,0
DA:9,0
DA:10,0
DA:11,0
DA:12,0
DA:14,0
DA:15,0
DA:17,0
DA:18,0
DA:21,0
DA:22,0
DA:23,0
DA:26,0
DA:27,0
DA:28,0
DA:31,0
DA:32,0
DA:33,0
DA:36,0
DA:37,0
DA:38,0
DA:41,0
DA:44,0
DA:46,0
DA:49,0
DA:51,0
DA:52,0
DA:54,0
DA:55,0
DA:57,0
DA:58,0
DA:60,0
DA:63,0
DA:67,0
DA:84,0
DA:97,0
DA:110,0
DA:123,0
LF:40
LH:0
BRDA:21,0,0,0
BRDA:21,0,1,0
BRDA:21,1,0,0
BRDA:21,1,1,0
BRDA:21,1,2,0
BRDA:21,1,3,0
BRDA:26,2,0,0
BRDA:26,2,1,0
BRDA:31,3,0,0
BRDA:31,3,1,0
BRDA:49,4,0,0
BRDA:49,4,1,0
BRDA:49,4,2,0
BRDA:49,4,3,0
BRDA:75,5,0,0
BRDA:75,5,1,0
BRDA:131,6,0,0
BRDA:131,6,1,0
BRF:18
BRH:0
end_of_record
TN:
SF:src\ResetPasswordScreen\ResetPasswordScreen.jsx
FN:6,(anonymous_0)
FN:15,(anonymous_1)
FN:67,(anonymous_2)
FNF:3
FNH:0
FNDA:0,(anonymous_0)
FNDA:0,(anonymous_1)
FNDA:0,(anonymous_2)
DA:6,0
DA:7,0
DA:8,0
DA:9,0
DA:10,0
DA:12,0
DA:13,0
DA:15,0
DA:16,0
DA:18,0
DA:19,0
DA:20,0
DA:23,0
DA:24,0
DA:25,0
DA:26,0
DA:28,0
DA:30,0
DA:32,0
DA:34,0
DA:36,0
DA:37,0
DA:39,0
DA:40,0
DA:42,0
DA:45,0
DA:49,0
DA:67,0
LF:28
LH:0
BRDA:18,0,0,0
BRDA:18,0,1,0
BRDA:34,1,0,0
BRDA:34,1,1,0
BRDA:34,1,2,0
BRDA:57,2,0,0
BRDA:57,2,1,0
BRDA:58,3,0,0
BRDA:58,3,1,0
BRDA:75,4,0,0
BRDA:75,4,1,0
BRF:11
BRH:0
end_of_record
TN:
SF:src\contexts\FirebaseContext.jsx
FN:27,(anonymous_0)
FN:32,(anonymous_1)
FN:38,(anonymous_2)
FN:39,(anonymous_3)
FN:48,(anonymous_4)
FN:67,(anonymous_5)
FN:77,(anonymous_6)
FN:87,(anonymous_7)
FN:98,(anonymous_8)
FN:110,(anonymous_9)
FN:126,(anonymous_10)
FN:131,(anonymous_11)
FN:140,(anonymous_12)
FN:150,(anonymous_13)
FN:163,(anonymous_14)
FNF:15
FNH:0
FNDA:0,(anonymous_0)
FNDA:0,(anonymous_1)
FNDA:0,(anonymous_2)
FNDA:0,(anonymous_3)
FNDA:0,(anonymous_4)
FNDA:0,(anonymous_5)
FNDA:0,(anonymous_6)
FNDA:0,(anonymous_7)
FNDA:0,(anonymous_8)
FNDA:0,(anonymous_9)
FNDA:0,(anonymous_10)
FNDA:0,(anonymous_11)
FNDA:0,(anonymous_12)
FNDA:0,(anonymous_13)
FNDA:0,(anonymous_14)
DA:24,0
DA:27,0
DA:28,0
DA:32,0
DA:33,0
DA:34,0
DA:35,0
DA:38,0
DA:39,0
DA:40,0
DA:41,0
DA:44,0
DA:48,0
DA:49,0
DA:50,0
DA:51,0
DA:54,0
DA:60,0
DA:62,0
DA:63,0
DA:67,0
DA:68,0
DA:69,0
DA:70,0
DA:72,0
DA:73,0
DA:77,0
DA:78,0
DA:79,0
DA:80,0
DA:82,0
DA:83,0
DA:87,0
DA:88,0
DA:89,0
DA:90,0
DA:92,0
DA:93,0
DA:98,0
DA:99,0
DA:100,0
DA:105,0
DA:106,0
DA:110,0
DA:111,0
DA:112,0
DA:113,0
DA:115,0
DA:116,0
DA:118,0
DA:121,0
DA:122,0
DA:126,0
DA:127,0
DA:130,0
DA:131,0
DA:132,0
DA:134,0
DA:136,0
DA:139,0
DA:140,0
DA:145,0
DA:146,0
DA:150,0
DA:151,0
DA:152,0
DA:153,0
DA:158,0
DA:159,0
DA:163,0
DA:164,0
DA:165,0
DA:166,0
DA:168,0
DA:169,0
DA:173,0
DA:188,0
LF:77
LH:0
BRDA:48,0,0,0
BRDA:115,1,0,0
BRDA:115,1,1,0
BRDA:126,2,0,0
BRDA:130,3,0,0
BRDA:130,3,1,0
BRDA:190,4,0,0
BRDA:190,4,1,0
BRF:8
BRH:0
end_of_record
TN:
SF:src\utils\bankUtils.js
FN:8,(anonymous_0)
FN:25,(anonymous_1)
FN:68,(anonymous_2)
FN:116,(anonymous_3)
FN:128,(anonymous_4)
FNF:5
FNH:5
FNDA:13,(anonymous_0)
FNDA:15,(anonymous_1)
FNDA:9,(anonymous_2)
FNDA:8,(anonymous_3)
FNDA:14,(anonymous_4)
DA:8,1
DA:9,13
DA:10,3
DA:13,10
DA:25,1
DA:26,15
DA:27,4
DA:31,11
DA:33,11
DA:34,5
DA:37,6
DA:38,6
DA:41,6
DA:42,2
DA:46,4
DA:47,4
DA:49,4
DA:50,30
DA:51,30
DA:54,4
DA:55,4
DA:57,4
DA:68,1
DA:69,9
DA:70,2
DA:76,7
DA:77,2
DA:83,5
DA:84,1
DA:90,4
DA:91,1
DA:97,3
DA:98,1
DA:104,2
DA:116,1
DA:117,8
DA:118,3
DA:121,5
DA:128,1
DA:129,14
DA:130,14
DA:131,14
LF:42
LH:42
BRDA:9,0,0,3
BRDA:9,0,1,10
BRDA:26,1,0,4
BRDA:26,1,1,11
BRDA:26,2,0,15
BRDA:26,2,1,12
BRDA:33,3,0,5
BRDA:33,3,1,6
BRDA:33,4,0,11
BRDA:33,4,1,9
BRDA:41,5,0,2
BRDA:41,5,1,4
BRDA:51,6,0,4
BRDA:51,6,1,26
BRDA:55,7,0,0
BRDA:55,7,1,4
BRDA:68,8,0,8
BRDA:68,9,0,8
BRDA:69,10,0,2
BRDA:69,10,1,7
BRDA:69,11,0,9
BRDA:69,11,1,8
BRDA:76,12,0,2
BRDA:76,12,1,5
BRDA:83,13,0,1
BRDA:83,13,1,4
BRDA:90,14,0,1
BRDA:90,14,1,3
BRDA:97,15,0,1
BRDA:97,15,1,2
BRDA:117,16,0,3
BRDA:117,16,1,5
BRDA:117,17,0,8
BRDA:117,17,1,6
BRF:34
BRH:33
end_of_record
