TN:
SF:src\App.jsx
FN:11,(anonymous_0)
FN:15,(anonymous_1)
FN:16,(anonymous_2)
FN:21,(anonymous_3)
FN:37,App
FNF:5
FNH:0
FNDA:0,(anonymous_0)
FNDA:0,(anonymous_1)
FNDA:0,(anonymous_2)
FNDA:0,(anonymous_3)
FNDA:0,App
DA:11,0
DA:12,0
DA:13,0
DA:15,0
DA:16,0
DA:17,0
DA:18,0
DA:21,0
DA:24,0
DA:26,0
DA:27,0
DA:30,0
DA:33,0
DA:38,0
LF:14
LH:0
BRDA:24,0,0,0
BRDA:24,0,1,0
BRDA:26,1,0,0
BRDA:26,1,1,0
BRF:4
BRH:0
end_of_record
TN:
SF:src\Dashboard\Dashboard.jsx
FN:7,(anonymous_0)
FN:21,(anonymous_1)
FN:30,(anonymous_2)
FN:122,(anonymous_3)
FN:145,(anonymous_4)
FN:173,(anonymous_5)
FN:184,(anonymous_6)
FN:193,(anonymous_7)
FN:216,(anonymous_8)
FN:221,(anonymous_9)
FN:226,(anonymous_10)
FN:231,(anonymous_11)
FN:236,(anonymous_12)
FN:241,(anonymous_13)
FN:300,(anonymous_14)
FN:313,(anonymous_15)
FN:332,(anonymous_16)
FN:360,(anonymous_17)
FN:395,(anonymous_18)
FN:405,(anonymous_19)
FN:418,(anonymous_20)
FN:448,(anonymous_21)
FN:466,(anonymous_22)
FNF:23
FNH:11
FNDA:32,(anonymous_0)
FNDA:13,(anonymous_1)
FNDA:13,(anonymous_2)
FNDA:0,(anonymous_3)
FNDA:0,(anonymous_4)
FNDA:2,(anonymous_5)
FNDA:164,(anonymous_6)
FNDA:95,(anonymous_7)
FNDA:0,(anonymous_8)
FNDA:0,(anonymous_9)
FNDA:0,(anonymous_10)
FNDA:0,(anonymous_11)
FNDA:0,(anonymous_12)
FNDA:0,(anonymous_13)
FNDA:57,(anonymous_14)
FNDA:4,(anonymous_15)
FNDA:0,(anonymous_16)
FNDA:95,(anonymous_17)
FNDA:1,(anonymous_18)
FNDA:12,(anonymous_19)
FNDA:0,(anonymous_20)
FNDA:0,(anonymous_21)
FNDA:0,(anonymous_22)
DA:7,1
DA:8,32
DA:9,32
DA:10,32
DA:11,32
DA:12,32
DA:13,32
DA:14,32
DA:15,32
DA:17,32
DA:18,32
DA:21,32
DA:22,13
DA:23,13
DA:25,0
DA:30,32
DA:31,13
DA:32,13
DA:35,13
DA:60,13
DA:114,0
DA:115,0
DA:117,13
DA:122,32
DA:123,0
DA:125,0
DA:126,0
DA:127,0
DA:130,0
DA:132,0
DA:142,0
DA:145,0
DA:146,0
DA:147,0
DA:152,0
DA:155,0
DA:158,0
DA:159,0
DA:160,0
DA:165,0
DA:166,0
DA:173,32
DA:174,2
DA:175,2
DA:176,1
DA:178,1
DA:179,1
DA:184,32
DA:185,164
DA:193,32
DA:194,95
DA:201,32
DA:202,13
DA:205,19
DA:216,0
DA:221,0
DA:226,0
DA:231,0
DA:236,0
DA:241,0
DA:301,57
DA:313,4
DA:332,0
DA:361,95
DA:395,1
DA:406,12
DA:418,0
DA:448,0
DA:466,0
LF:69
LH:39
BRDA:22,0,0,13
BRDA:22,0,1,0
BRDA:125,1,0,0
BRDA:125,1,1,0
BRDA:125,2,0,0
BRDA:125,2,1,0
BRDA:146,3,0,0
BRDA:146,3,1,0
BRDA:201,4,0,13
BRDA:201,4,1,19
BRDA:215,5,0,19
BRDA:215,5,1,0
BRDA:220,6,0,0
BRDA:220,6,1,19
BRDA:225,7,0,0
BRDA:225,7,1,19
BRDA:230,8,0,0
BRDA:230,8,1,19
BRDA:235,9,0,0
BRDA:235,9,1,19
BRDA:240,10,0,0
BRDA:240,10,1,19
BRDA:274,11,0,19
BRDA:274,11,1,0
BRDA:278,12,0,19
BRDA:278,12,1,0
BRDA:290,13,0,19
BRDA:290,13,1,1
BRDA:364,14,0,76
BRDA:364,14,1,19
BRDA:388,15,0,19
BRDA:388,15,1,4
BRF:32
BRH:17
end_of_record
TN:
SF:src\Firebase\client.js
FNF:0
FNH:0
DA:7,0
DA:17,0
DA:19,0
DA:20,0
DA:21,0
LF:5
LH:0
BRF:0
BRH:0
end_of_record
TN:
SF:src\LoginScreen\loginScreen.jsx
FN:7,(anonymous_0)
FN:18,(anonymous_1)
FN:26,(anonymous_2)
FN:81,(anonymous_3)
FN:102,(anonymous_4)
FN:115,(anonymous_5)
FN:129,(anonymous_6)
FNF:7
FNH:1
FNDA:37,(anonymous_0)
FNDA:0,(anonymous_1)
FNDA:0,(anonymous_2)
FNDA:0,(anonymous_3)
FNDA:0,(anonymous_4)
FNDA:0,(anonymous_5)
FNDA:0,(anonymous_6)
DA:7,1
DA:8,37
DA:9,36
DA:10,36
DA:11,36
DA:12,36
DA:14,36
DA:15,36
DA:18,0
DA:19,0
DA:20,0
DA:21,0
DA:22,0
DA:26,0
DA:27,0
DA:30,0
DA:31,0
DA:32,0
DA:35,0
DA:36,0
DA:37,0
DA:40,0
DA:43,0
DA:44,0
DA:46,0
DA:49,0
DA:52,0
DA:54,0
DA:57,0
DA:59,0
DA:60,0
DA:62,0
DA:63,0
DA:65,0
DA:66,0
DA:68,0
DA:69,0
DA:71,0
DA:72,0
DA:74,0
DA:77,0
DA:81,0
DA:82,0
DA:85,0
DA:102,0
DA:115,0
DA:129,0
LF:47
LH:8
BRDA:20,0,0,0
BRDA:20,0,1,0
BRDA:30,1,0,0
BRDA:30,1,1,0
BRDA:30,2,0,0
BRDA:30,2,1,0
BRDA:43,3,0,0
BRDA:43,3,1,0
BRDA:57,4,0,0
BRDA:57,4,1,0
BRDA:57,4,2,0
BRDA:57,4,3,0
BRDA:57,4,4,0
BRDA:57,4,5,0
BRDA:93,5,0,0
BRDA:93,5,1,0
BRDA:145,6,0,0
BRDA:145,6,1,0
BRF:18
BRH:0
end_of_record
TN:
SF:src\RegisterScreen\RegisterScreen.jsx
FN:7,(anonymous_0)
FN:18,(anonymous_1)
FN:85,(anonymous_2)
FN:98,(anonymous_3)
FN:111,(anonymous_4)
FN:124,(anonymous_5)
FNF:6
FNH:0
FNDA:0,(anonymous_0)
FNDA:0,(anonymous_1)
FNDA:0,(anonymous_2)
FNDA:0,(anonymous_3)
FNDA:0,(anonymous_4)
FNDA:0,(anonymous_5)
DA:7,0
DA:8,0
DA:9,0
DA:10,0
DA:11,0
DA:12,0
DA:13,0
DA:15,0
DA:16,0
DA:18,0
DA:19,0
DA:22,0
DA:23,0
DA:24,0
DA:27,0
DA:28,0
DA:29,0
DA:32,0
DA:33,0
DA:34,0
DA:37,0
DA:38,0
DA:39,0
DA:42,0
DA:45,0
DA:47,0
DA:50,0
DA:52,0
DA:53,0
DA:55,0
DA:56,0
DA:58,0
DA:59,0
DA:61,0
DA:64,0
DA:68,0
DA:85,0
DA:98,0
DA:111,0
DA:124,0
LF:40
LH:0
BRDA:22,0,0,0
BRDA:22,0,1,0
BRDA:22,1,0,0
BRDA:22,1,1,0
BRDA:22,1,2,0
BRDA:22,1,3,0
BRDA:27,2,0,0
BRDA:27,2,1,0
BRDA:32,3,0,0
BRDA:32,3,1,0
BRDA:50,4,0,0
BRDA:50,4,1,0
BRDA:50,4,2,0
BRDA:50,4,3,0
BRDA:76,5,0,0
BRDA:76,5,1,0
BRDA:132,6,0,0
BRDA:132,6,1,0
BRF:18
BRH:0
end_of_record
TN:
SF:src\ResetPasswordScreen\ResetPasswordScreen.jsx
FN:7,(anonymous_0)
FN:15,(anonymous_1)
FN:71,(anonymous_2)
FNF:3
FNH:0
FNDA:0,(anonymous_0)
FNDA:0,(anonymous_1)
FNDA:0,(anonymous_2)
DA:7,0
DA:8,0
DA:9,0
DA:10,0
DA:11,0
DA:13,0
DA:15,0
DA:16,0
DA:18,0
DA:19,0
DA:20,0
DA:23,0
DA:24,0
DA:25,0
DA:26,0
DA:28,0
DA:30,0
DA:34,0
DA:36,0
DA:38,0
DA:39,0
DA:41,0
DA:42,0
DA:44,0
DA:49,0
DA:53,0
DA:71,0
LF:27
LH:0
BRDA:18,0,0,0
BRDA:18,0,1,0
BRDA:36,1,0,0
BRDA:36,1,1,0
BRDA:36,1,2,0
BRDA:61,2,0,0
BRDA:61,2,1,0
BRDA:62,3,0,0
BRDA:62,3,1,0
BRDA:79,4,0,0
BRDA:79,4,1,0
BRF:11
BRH:0
end_of_record
TN:
SF:src\contexts\FirebaseContext.jsx
FN:28,(anonymous_0)
FN:33,(anonymous_1)
FN:39,(anonymous_2)
FN:40,(anonymous_3)
FN:47,(anonymous_4)
FN:70,(anonymous_5)
FN:80,(anonymous_6)
FN:90,(anonymous_7)
FN:101,(anonymous_8)
FN:113,(anonymous_9)
FN:129,(anonymous_10)
FN:134,(anonymous_11)
FN:143,(anonymous_12)
FN:153,(anonymous_13)
FN:166,(anonymous_14)
FNF:15
FNH:1
FNDA:36,(anonymous_0)
FNDA:0,(anonymous_1)
FNDA:0,(anonymous_2)
FNDA:0,(anonymous_3)
FNDA:0,(anonymous_4)
FNDA:0,(anonymous_5)
FNDA:0,(anonymous_6)
FNDA:0,(anonymous_7)
FNDA:0,(anonymous_8)
FNDA:0,(anonymous_9)
FNDA:0,(anonymous_10)
FNDA:0,(anonymous_11)
FNDA:0,(anonymous_12)
FNDA:0,(anonymous_13)
FNDA:0,(anonymous_14)
DA:25,1
DA:28,1
DA:29,36
DA:33,1
DA:34,0
DA:35,0
DA:36,0
DA:39,0
DA:40,0
DA:41,0
DA:42,0
DA:47,0
DA:48,0
DA:49,0
DA:50,0
DA:57,0
DA:63,0
DA:65,0
DA:66,0
DA:70,0
DA:71,0
DA:72,0
DA:73,0
DA:75,0
DA:76,0
DA:80,0
DA:81,0
DA:82,0
DA:83,0
DA:85,0
DA:86,0
DA:90,0
DA:91,0
DA:92,0
DA:93,0
DA:95,0
DA:96,0
DA:101,0
DA:102,0
DA:103,0
DA:108,0
DA:109,0
DA:113,0
DA:114,0
DA:115,0
DA:116,0
DA:118,0
DA:119,0
DA:121,0
DA:124,0
DA:125,0
DA:129,0
DA:130,0
DA:133,0
DA:134,0
DA:135,0
DA:137,0
DA:139,0
DA:142,0
DA:143,0
DA:148,0
DA:149,0
DA:153,0
DA:154,0
DA:155,0
DA:156,0
DA:161,0
DA:162,0
DA:166,0
DA:167,0
DA:168,0
DA:169,0
DA:171,0
DA:172,0
DA:176,0
DA:191,0
DA:198,1
LF:77
LH:5
BRDA:47,0,0,0
BRDA:118,1,0,0
BRDA:118,1,1,0
BRDA:129,2,0,0
BRDA:133,3,0,0
BRDA:133,3,1,0
BRDA:193,4,0,0
BRDA:193,4,1,0
BRF:8
BRH:0
end_of_record
TN:
SF:src\tests\testUtils.jsx
FN:4,(anonymous_0)
FNF:1
FNH:0
FNDA:0,(anonymous_0)
DA:4,0
DA:5,0
DA:10,0
LF:3
LH:0
BRF:0
BRH:0
end_of_record
TN:
SF:src\utils\bankUtils.js
FN:8,(anonymous_0)
FN:25,(anonymous_1)
FN:68,(anonymous_2)
FN:121,(anonymous_3)
FN:136,(anonymous_4)
FNF:5
FNH:5
FNDA:13,(anonymous_0)
FNDA:15,(anonymous_1)
FNDA:9,(anonymous_2)
FNDA:8,(anonymous_3)
FNDA:14,(anonymous_4)
DA:8,1
DA:9,13
DA:10,3
DA:13,10
DA:25,1
DA:26,15
DA:27,4
DA:31,11
DA:33,11
DA:34,5
DA:37,6
DA:38,6
DA:41,6
DA:42,2
DA:46,4
DA:47,4
DA:49,4
DA:50,30
DA:51,30
DA:54,4
DA:55,4
DA:57,4
DA:68,1
DA:74,9
DA:75,2
DA:81,7
DA:82,2
DA:88,5
DA:89,1
DA:95,4
DA:96,1
DA:102,3
DA:103,1
DA:109,2
DA:121,1
DA:122,8
DA:126,3
DA:129,5
DA:136,1
DA:137,14
DA:138,14
DA:139,14
LF:42
LH:42
BRDA:9,0,0,3
BRDA:9,0,1,10
BRDA:26,1,0,4
BRDA:26,1,1,11
BRDA:26,2,0,15
BRDA:26,2,1,12
BRDA:33,3,0,5
BRDA:33,3,1,6
BRDA:33,4,0,11
BRDA:33,4,1,9
BRDA:41,5,0,2
BRDA:41,5,1,4
BRDA:51,6,0,4
BRDA:51,6,1,26
BRDA:55,7,0,0
BRDA:55,7,1,4
BRDA:71,8,0,8
BRDA:72,9,0,8
BRDA:74,10,0,2
BRDA:74,10,1,7
BRDA:74,11,0,9
BRDA:74,11,1,8
BRDA:81,12,0,2
BRDA:81,12,1,5
BRDA:88,13,0,1
BRDA:88,13,1,4
BRDA:95,14,0,1
BRDA:95,14,1,3
BRDA:102,15,0,1
BRDA:102,15,1,2
BRDA:122,16,0,3
BRDA:122,16,1,5
BRDA:123,17,0,8
BRDA:123,17,1,6
BRF:34
BRH:33
end_of_record
TN:
SF:src\utils\constants.js
FNF:0
FNH:0
DA:2,3
DA:12,3
DA:31,3
DA:38,3
DA:46,3
LF:5
LH:5
BRF:0
BRH:0
end_of_record
